<?xml version="1.0" encoding="UTF-8"?>
<testsuite name="NumericMatrixProcessorTest" tests="1" skipped="0" failures="0" errors="0" timestamp="2020-04-06T07:45:42" hostname="Hybrid" time="0.08">
  <properties/>
  <testcase name="start" classname="NumericMatrixProcessorTest" time="0.08"/>
  <system-out><![CDATA[?[1;31m
Start test 1?[0m
>4 5
>1 2 3 4 5
>3 2 3 2 1
>8 0 9 9 1
>1 3 4 5 6
>4 5
>1 1 4 4 5
>4 4 5 7 8
>1 2 3 9 8
>1 0 0 0 1
2 3 7 8 10
7 6 8 9 9
9 2 12 18 9
2 3 4 5 7
?[1;31m
Start test 2?[0m
>2 3
>1 4 5
>4 5 5
>4 5
>0 1 0 4 5
>1 7 8 9 4
>1 2 3 5 6
>1 3 4 3 8
ERROR
?[1;31m
Start test 3?[0m
>4 5
>4 2 3 4 5 
>3 5 3 2 1
>8 0 9 9 1
>1 3 4 5 9
>4 5
>1 1 4 4 5
>4 4 5 7 8
>1 2 3 9 8
>1 0 0 0 1
5 3 7 8 10
7 9 8 9 9
9 2 12 18 9
2 3 4 5 10
?[1;31m
Start test 4?[0m
>1 1
>1
>1 1
>2
3
?[1;31m
Start test 5?[0m
>1 2
>3 4
>1 2
>5 6
8 10
?[1;31m
Start test 6?[0m
>2 1
>1
>2
>2 1
>2
>1
3
3
?[1;31m
Start test 7?[0m
>2 1
>2
>1
>1 2
>1 2
ERROR
]]></system-out>
  <system-err><![CDATA[]]></system-err>
</testsuite>
